<?xml version="1.0" encoding="UTF-8"?>
<!-- Generated by org.testng.reporters.JUnitReportReporter -->
<testsuite hostname="Pragti" failures="0" tests="1" name="tests1.NewtabopeningTest2" time="2.521" errors="0" timestamp="2024-02-17T11:39:16 IST" skipped="0">
  <testcase classname="tests1.NewtabopeningTest2" name="f6Test" time="2.521"/>
</testsuite> <!-- tests1.NewtabopeningTest2 -->
