<?xml version="1.0" encoding="UTF-8"?>
<!-- Generated by org.testng.reporters.JUnitReportReporter -->
<testsuite hostname="Pragti" failures="0" tests="1" name="pac1.NewkkkkkkkkkkkkTest" time="13.882" errors="0" timestamp="2024-03-09T15:27:39 IST" skipped="0">
  <testcase classname="pac1.NewkkkkkkkkkkkkTest" name="bTest" time="13.882"/>
</testsuite> <!-- pac1.NewkkkkkkkkkkkkTest -->
