<?xml version="1.0" encoding="UTF-8"?>
<!-- Generated by org.testng.reporters.JUnitReportReporter -->
<testsuite hostname="Pragti" failures="0" tests="3" name="tests1.DEBUGTest" time="28.713" errors="0" timestamp="2024-03-01T13:22:46 IST" skipped="0">
  <testcase classname="tests1.DEBUGTest" name="getTest" time="14.820"/>
  <testcase classname="tests1.DEBUGTest" name="getyyTest" time="8.253"/>
  <testcase classname="tests1.DEBUGTest" name="gettTest" time="5.640"/>
</testsuite> <!-- tests1.DEBUGTest -->
