<?xml version="1.0" encoding="UTF-8"?>
<!-- Generated by org.testng.reporters.JUnitReportReporter -->
<testsuite hostname="Pragti" failures="0" tests="2" name="tests1.Debugging1Test" time="0.212" errors="0" timestamp="2024-03-01T13:03:23 IST" skipped="0">
  <testcase classname="tests1.Debugging1Test" name="fttttTest" time="0.133"/>
  <testcase classname="tests1.Debugging1Test" name="fuuTest" time="0.079"/>
</testsuite> <!-- tests1.Debugging1Test -->
