<?xml version="1.0" encoding="UTF-8"?>
<!-- Generated by org.testng.reporters.JUnitReportReporter -->
<testsuite hostname="Pragti" failures="0" tests="5" name="tests1.ActionclassTest" time="0.259" errors="0" timestamp="2024-03-05T18:15:01 IST" skipped="0">
  <testcase classname="tests1.ActionclassTest" name="fr3Test" time="0.028"/>
  <testcase classname="tests1.ActionclassTest" name="fr5Test" time="0.024"/>
  <testcase classname="tests1.ActionclassTest" name="fr2Test" time="0.149"/>
  <testcase classname="tests1.ActionclassTest" name="fr4Test" time="0.027"/>
  <testcase classname="tests1.ActionclassTest" name="frTest" time="0.031"/>
</testsuite> <!-- tests1.ActionclassTest -->
