<?xml version="1.0" encoding="UTF-8"?>
<!-- Generated by org.testng.reporters.JUnitReportReporter -->
<testsuite hostname="Pragti" failures="0" tests="2" name="pac1.BoatTest" time="6.164" errors="0" timestamp="2024-03-09T16:23:15 IST" skipped="0">
  <testcase classname="pac1.BoatTest" name="fTest" time="0.094"/>
  <testcase classname="pac1.BoatTest" name="ftTest" time="6.070"/>
</testsuite> <!-- pac1.BoatTest -->
