<?xml version="1.0" encoding="UTF-8"?>
<!-- Generated by org.testng.reporters.JUnitReportReporter -->
<testsuite hostname="Pragti" failures="0" tests="2" name="tests1.Newtabopening34Test" time="1.050" errors="0" timestamp="2024-02-21T14:15:10 IST" skipped="0">
  <testcase classname="tests1.Newtabopening34Test" name="sett8" time="0.242"/>
  <testcase classname="tests1.Newtabopening34Test" name="setyt" time="0.808"/>
</testsuite> <!-- tests1.Newtabopening34Test -->
