<?xml version="1.0" encoding="UTF-8"?>
<!-- Generated by org.testng.reporters.JUnitReportReporter -->
<testsuite hostname="Pragti" failures="0" tests="1" name="tests1.NewTest" time="7.812" errors="0" timestamp="2024-02-22T10:54:21 IST" skipped="0">
  <testcase classname="tests1.NewTest" name="fTest" time="7.812"/>
</testsuite> <!-- tests1.NewTest -->
