<?xml version="1.0" encoding="UTF-8"?>
<!-- Generated by org.testng.reporters.JUnitReportReporter -->
<testsuite hostname="Pragti" failures="0" tests="2" name="pac1.BoatdeeTest" time="6.140" errors="0" timestamp="2024-03-11T15:01:50 IST" skipped="0">
  <testcase classname="pac1.BoatdeeTest" name="fTest" time="0.080"/>
  <testcase classname="pac1.BoatdeeTest" name="ftTest" time="6.060"/>
</testsuite> <!-- pac1.BoatdeeTest -->
