<?xml version="1.0" encoding="UTF-8"?>
<!-- Generated by org.testng.reporters.JUnitReportReporter -->
<testsuite hostname="Pragti" failures="0" tests="1" name="tests1.SelectwithoutselecttagTest" time="0.340" errors="0" timestamp="2024-02-28T08:28:55 IST" skipped="0">
  <testcase classname="tests1.SelectwithoutselecttagTest" name="fTest" time="0.340"/>
</testsuite> <!-- tests1.SelectwithoutselecttagTest -->
