<?xml version="1.0" encoding="UTF-8"?>
<!-- Generated by org.testng.reporters.JUnitReportReporter -->
<testsuite hostname="Pragti" failures="0" tests="1" name="tests1.Newtabprac1Test" time="11.649" errors="0" timestamp="2024-02-22T17:46:37 IST" skipped="0">
  <testcase classname="tests1.Newtabprac1Test" name="fTest" time="11.649"/>
</testsuite> <!-- tests1.Newtabprac1Test -->
