<?xml version="1.0" encoding="UTF-8"?>
<!-- Generated by org.testng.reporters.JUnitReportReporter -->
<testsuite hostname="Pragti" failures="0" tests="1" name="pac1.KeyboardTest" time="4.718" errors="0" timestamp="2024-03-09T17:12:59 IST" skipped="0">
  <testcase classname="pac1.KeyboardTest" name="fTest" time="4.718"/>
</testsuite> <!-- pac1.KeyboardTest -->
