<?xml version="1.0" encoding="UTF-8"?>
<!-- Generated by org.testng.reporters.JUnitReportReporter -->
<testsuite hostname="Pragti" failures="0" tests="2" name="pac1.OpenCartTest" time="3.228" errors="0" timestamp="2024-03-09T17:10:24 IST" skipped="0">
  <testcase classname="pac1.OpenCartTest" name="f1Test" time="0.104"/>
  <testcase classname="pac1.OpenCartTest" name="fTest" time="3.124"/>
</testsuite> <!-- pac1.OpenCartTest -->
