<?xml version="1.0" encoding="UTF-8"?>
<!-- Generated by org.testng.reporters.JUnitReportReporter -->
<testsuite hostname="Pragti" failures="0" tests="1" name="tests1.log4jdemo2Test" time="8.811" errors="0" timestamp="2024-02-27T13:52:05 IST" skipped="0">
  <testcase classname="tests1.log4jdemo2Test" name="fTest" time="8.811"/>
</testsuite> <!-- tests1.log4jdemo2Test -->
