<?xml version="1.0" encoding="UTF-8"?>
<!-- Generated by org.testng.reporters.JUnitReportReporter -->
<testsuite hostname="Pragti" failures="0" tests="1" name="tests1.NewTabTest" time="0.809" errors="0" timestamp="2024-02-21T11:54:48 IST" skipped="0">
  <testcase classname="tests1.NewTabTest" name="fTest" time="0.809"/>
</testsuite> <!-- tests1.NewTabTest -->
