<?xml version="1.0" encoding="UTF-8"?>
<!-- Generated by org.testng.reporters.JUnitReportReporter -->
<testsuite hostname="Pragti" failures="0" tests="1" name="tests1.Listenerprac1" time="9.344" errors="0" timestamp="2024-03-01T12:48:46 IST" skipped="0">
  <testcase classname="tests1.Listenerprac1" name="geeTest" time="9.344"/>
</testsuite> <!-- tests1.Listenerprac1 -->
