<?xml version="1.0" encoding="UTF-8"?>
<!-- Generated by org.testng.reporters.JUnitReportReporter -->
<testsuite hostname="Pragti" failures="0" tests="1" name="tests1.log4jdemo1Test" time="4.381" errors="0" timestamp="2024-02-21T07:59:22 IST" skipped="0">
  <testcase classname="tests1.log4jdemo1Test" name="fTest" time="4.381"/>
</testsuite> <!-- tests1.log4jdemo1Test -->
