<?xml version="1.0" encoding="UTF-8"?>
<!-- Generated by org.testng.reporters.JUnitReportReporter -->
<testsuite hostname="Pragti" failures="0" tests="1" name="tests1.log4jdemo2Test" time="7.259" errors="0" timestamp="2024-02-21T08:06:44 IST" skipped="0">
  <testcase classname="tests1.log4jdemo2Test" name="fTest" time="7.259"/>
</testsuite> <!-- tests1.log4jdemo2Test -->
