<?xml version="1.0" encoding="UTF-8"?>
<!-- Generated by org.testng.reporters.JUnitReportReporter -->
<testsuite hostname="Pragti" failures="0" tests="3" name="tests1.New8888Test" time="63.631" errors="0" timestamp="2024-03-12T13:08:07 IST" skipped="0">
  <testcase classname="tests1.New8888Test" name="fTest" time="60.360"/>
  <testcase classname="tests1.New8888Test" name="fiTest" time="0.324"/>
  <testcase classname="tests1.New8888Test" name="fooTest" time="2.947"/>
</testsuite> <!-- tests1.New8888Test -->
