<?xml version="1.0" encoding="UTF-8"?>
<!-- Generated by org.testng.reporters.JUnitReportReporter -->
<testsuite hostname="Pragti" failures="0" tests="1" name="tests1.New4444Test" time="11.099" errors="0" timestamp="2024-03-06T16:00:20 IST" skipped="0">
  <testcase classname="tests1.New4444Test" name="fTest" time="11.099"/>
</testsuite> <!-- tests1.New4444Test -->
